2021-06-29 21:33:25.237 +07:00 [INF] Обработка файла - ВидыКонтактнойИнформации
2021-06-29 21:33:25.406 +07:00 [ERR] Исключение: Can not add property ВводитьНомерПоМаске to Newtonsoft.Json.Linq.JObject. Property with the same name already exists on object.
2021-06-29 21:33:25.413 +07:00 [ERR] Метод: Void ValidateToken(Newtonsoft.Json.Linq.JToken, Newtonsoft.Json.Linq.JToken)
2021-06-29 21:33:25.426 +07:00 [ERR] Трассировка стека:    at Newtonsoft.Json.Linq.JObject.ValidateToken(JToken o, JToken existing)
   at Newtonsoft.Json.Linq.JContainer.InsertItem(Int32 index, JToken item, Boolean skipParentCheck)
   at Newtonsoft.Json.Linq.JObject.InsertItem(Int32 index, JToken item, Boolean skipParentCheck)
   at Newtonsoft.Json.Linq.JContainer.Add(Object content)
   at System.Dynamic.UpdateDelegates.UpdateAndExecuteVoid2[T0,T1](CallSite site, T0 arg0, T1 arg1)
   at ExRules.Program.Main(String[] args) in /home/bat/Project/ExRules/Program.cs:line 117
2021-06-29 21:33:25.429 +07:00 [ERR] Исключение: Can not add property МаскаНомераТелефона to Newtonsoft.Json.Linq.JObject. Property with the same name already exists on object.
2021-06-29 21:33:25.429 +07:00 [ERR] Метод: Void ValidateToken(Newtonsoft.Json.Linq.JToken, Newtonsoft.Json.Linq.JToken)
2021-06-29 21:33:25.430 +07:00 [ERR] Трассировка стека:    at Newtonsoft.Json.Linq.JObject.ValidateToken(JToken o, JToken existing)
   at Newtonsoft.Json.Linq.JContainer.InsertItem(Int32 index, JToken item, Boolean skipParentCheck)
   at Newtonsoft.Json.Linq.JObject.InsertItem(Int32 index, JToken item, Boolean skipParentCheck)
   at Newtonsoft.Json.Linq.JToken.AddBeforeSelf(Object content)
   at System.Dynamic.UpdateDelegates.UpdateAndExecuteVoid2[T0,T1](CallSite site, T0 arg0, T1 arg1)
   at ExRules.Program.Main(String[] args) in /home/bat/Project/ExRules/Program.cs:line 130
2021-06-29 21:33:25.430 +07:00 [ERR] Исключение: Can not add property ИдентификаторДляФормул to Newtonsoft.Json.Linq.JObject. Property with the same name already exists on object.
2021-06-29 21:33:25.430 +07:00 [ERR] Метод: Void ValidateToken(Newtonsoft.Json.Linq.JToken, Newtonsoft.Json.Linq.JToken)
2021-06-29 21:33:25.430 +07:00 [ERR] Трассировка стека:    at Newtonsoft.Json.Linq.JObject.ValidateToken(JToken o, JToken existing)
   at Newtonsoft.Json.Linq.JContainer.InsertItem(Int32 index, JToken item, Boolean skipParentCheck)
   at Newtonsoft.Json.Linq.JObject.InsertItem(Int32 index, JToken item, Boolean skipParentCheck)
   at Newtonsoft.Json.Linq.JToken.AddBeforeSelf(Object content)
   at ExRules.Program.Main(String[] args) in /home/bat/Project/ExRules/Program.cs:line 130
2021-06-29 21:33:25.430 +07:00 [ERR] Исключение: Can not add property ИсправлятьУстаревшиеАдреса to Newtonsoft.Json.Linq.JObject. Property with the same name already exists on object.
2021-06-29 21:33:25.430 +07:00 [ERR] Метод: Void ValidateToken(Newtonsoft.Json.Linq.JToken, Newtonsoft.Json.Linq.JToken)
2021-06-29 21:33:25.431 +07:00 [ERR] Трассировка стека:    at Newtonsoft.Json.Linq.JObject.ValidateToken(JToken o, JToken existing)
   at Newtonsoft.Json.Linq.JContainer.InsertItem(Int32 index, JToken item, Boolean skipParentCheck)
   at Newtonsoft.Json.Linq.JObject.InsertItem(Int32 index, JToken item, Boolean skipParentCheck)
   at Newtonsoft.Json.Linq.JToken.AddBeforeSelf(Object content)
   at ExRules.Program.Main(String[] args) in /home/bat/Project/ExRules/Program.cs:line 130
2021-06-29 21:33:25.431 +07:00 [ERR] Исключение: Can not add property ВидРедактирования to Newtonsoft.Json.Linq.JObject. Property with the same name already exists on object.
2021-06-29 21:33:25.431 +07:00 [ERR] Метод: Void ValidateToken(Newtonsoft.Json.Linq.JToken, Newtonsoft.Json.Linq.JToken)
2021-06-29 21:33:25.431 +07:00 [ERR] Трассировка стека:    at Newtonsoft.Json.Linq.JObject.ValidateToken(JToken o, JToken existing)
   at Newtonsoft.Json.Linq.JContainer.InsertItem(Int32 index, JToken item, Boolean skipParentCheck)
   at Newtonsoft.Json.Linq.JObject.InsertItem(Int32 index, JToken item, Boolean skipParentCheck)
   at Newtonsoft.Json.Linq.JToken.AddBeforeSelf(Object content)
   at ExRules.Program.Main(String[] args) in /home/bat/Project/ExRules/Program.cs:line 130
