2021-06-30 00:30:00.705 +07:00 [INF] Обработка файла - ВидыКонтактнойИнформации
2021-06-30 00:30:01.007 +07:00 [ERR] Исключение: Can not add property ВводитьНомерПоМаске to Newtonsoft.Json.Linq.JObject. Property with the same name already exists on object.
2021-06-30 00:30:01.007 +07:00 [ERR] Метод: Void ValidateToken(Newtonsoft.Json.Linq.JToken, Newtonsoft.Json.Linq.JToken)
2021-06-30 00:30:01.028 +07:00 [ERR] Трассировка стека:    at Newtonsoft.Json.Linq.JObject.ValidateToken(JToken o, JToken existing)
   at Newtonsoft.Json.Linq.JContainer.InsertItem(Int32 index, JToken item, Boolean skipParentCheck)
   at Newtonsoft.Json.Linq.JObject.InsertItem(Int32 index, JToken item, Boolean skipParentCheck)
   at Newtonsoft.Json.Linq.JContainer.Add(Object content)
   at System.Dynamic.UpdateDelegates.UpdateAndExecuteVoid2[T0,T1](CallSite site, T0 arg0, T1 arg1)
   at ExRules.Program.Main(String[] args) in /home/bat/Project/ExRules/Program.cs:line 117
2021-06-30 00:30:01.031 +07:00 [ERR] Исключение: Can not add property МаскаНомераТелефона to Newtonsoft.Json.Linq.JObject. Property with the same name already exists on object.
2021-06-30 00:30:01.031 +07:00 [ERR] Метод: Void ValidateToken(Newtonsoft.Json.Linq.JToken, Newtonsoft.Json.Linq.JToken)
2021-06-30 00:30:01.032 +07:00 [ERR] Трассировка стека:    at Newtonsoft.Json.Linq.JObject.ValidateToken(JToken o, JToken existing)
   at Newtonsoft.Json.Linq.JContainer.InsertItem(Int32 index, JToken item, Boolean skipParentCheck)
   at Newtonsoft.Json.Linq.JObject.InsertItem(Int32 index, JToken item, Boolean skipParentCheck)
   at Newtonsoft.Json.Linq.JToken.AddBeforeSelf(Object content)
   at System.Dynamic.UpdateDelegates.UpdateAndExecuteVoid2[T0,T1](CallSite site, T0 arg0, T1 arg1)
   at ExRules.Program.Main(String[] args) in /home/bat/Project/ExRules/Program.cs:line 130
2021-06-30 00:30:01.032 +07:00 [ERR] Исключение: Can not add property ИдентификаторДляФормул to Newtonsoft.Json.Linq.JObject. Property with the same name already exists on object.
2021-06-30 00:30:01.032 +07:00 [ERR] Метод: Void ValidateToken(Newtonsoft.Json.Linq.JToken, Newtonsoft.Json.Linq.JToken)
2021-06-30 00:30:01.032 +07:00 [ERR] Трассировка стека:    at Newtonsoft.Json.Linq.JObject.ValidateToken(JToken o, JToken existing)
   at Newtonsoft.Json.Linq.JContainer.InsertItem(Int32 index, JToken item, Boolean skipParentCheck)
   at Newtonsoft.Json.Linq.JObject.InsertItem(Int32 index, JToken item, Boolean skipParentCheck)
   at Newtonsoft.Json.Linq.JToken.AddBeforeSelf(Object content)
   at ExRules.Program.Main(String[] args) in /home/bat/Project/ExRules/Program.cs:line 130
2021-06-30 00:30:01.032 +07:00 [ERR] Исключение: Can not add property ИсправлятьУстаревшиеАдреса to Newtonsoft.Json.Linq.JObject. Property with the same name already exists on object.
2021-06-30 00:30:01.032 +07:00 [ERR] Метод: Void ValidateToken(Newtonsoft.Json.Linq.JToken, Newtonsoft.Json.Linq.JToken)
2021-06-30 00:30:01.032 +07:00 [ERR] Трассировка стека:    at Newtonsoft.Json.Linq.JObject.ValidateToken(JToken o, JToken existing)
   at Newtonsoft.Json.Linq.JContainer.InsertItem(Int32 index, JToken item, Boolean skipParentCheck)
   at Newtonsoft.Json.Linq.JObject.InsertItem(Int32 index, JToken item, Boolean skipParentCheck)
   at Newtonsoft.Json.Linq.JToken.AddBeforeSelf(Object content)
   at ExRules.Program.Main(String[] args) in /home/bat/Project/ExRules/Program.cs:line 130
2021-06-30 00:30:01.033 +07:00 [ERR] Исключение: Can not add property ВидРедактирования to Newtonsoft.Json.Linq.JObject. Property with the same name already exists on object.
2021-06-30 00:30:01.033 +07:00 [ERR] Метод: Void ValidateToken(Newtonsoft.Json.Linq.JToken, Newtonsoft.Json.Linq.JToken)
2021-06-30 00:30:01.033 +07:00 [ERR] Трассировка стека:    at Newtonsoft.Json.Linq.JObject.ValidateToken(JToken o, JToken existing)
   at Newtonsoft.Json.Linq.JContainer.InsertItem(Int32 index, JToken item, Boolean skipParentCheck)
   at Newtonsoft.Json.Linq.JObject.InsertItem(Int32 index, JToken item, Boolean skipParentCheck)
   at Newtonsoft.Json.Linq.JToken.AddBeforeSelf(Object content)
   at ExRules.Program.Main(String[] args) in /home/bat/Project/ExRules/Program.cs:line 130
2021-06-30 00:35:36.054 +07:00 [INF] Обработка файла - ВидыКонтактнойИнформации
2021-06-30 00:35:36.224 +07:00 [ERR] Исключение: Can not add property ВводитьНомерПоМаске to Newtonsoft.Json.Linq.JObject. Property with the same name already exists on object.
2021-06-30 00:35:36.224 +07:00 [ERR] Метод: Void ValidateToken(Newtonsoft.Json.Linq.JToken, Newtonsoft.Json.Linq.JToken)
2021-06-30 00:35:36.238 +07:00 [ERR] Трассировка стека:    at Newtonsoft.Json.Linq.JObject.ValidateToken(JToken o, JToken existing)
   at Newtonsoft.Json.Linq.JContainer.InsertItem(Int32 index, JToken item, Boolean skipParentCheck)
   at Newtonsoft.Json.Linq.JObject.InsertItem(Int32 index, JToken item, Boolean skipParentCheck)
   at Newtonsoft.Json.Linq.JContainer.Add(Object content)
   at System.Dynamic.UpdateDelegates.UpdateAndExecuteVoid2[T0,T1](CallSite site, T0 arg0, T1 arg1)
   at ExRules.Program.Main(String[] args) in /home/bat/Project/ExRules/Program.cs:line 131
2021-06-30 00:35:36.243 +07:00 [ERR] Исключение: Can not add property МаскаНомераТелефона to Newtonsoft.Json.Linq.JObject. Property with the same name already exists on object.
2021-06-30 00:35:36.244 +07:00 [ERR] Метод: Void ValidateToken(Newtonsoft.Json.Linq.JToken, Newtonsoft.Json.Linq.JToken)
2021-06-30 00:35:36.244 +07:00 [ERR] Трассировка стека:    at Newtonsoft.Json.Linq.JObject.ValidateToken(JToken o, JToken existing)
   at Newtonsoft.Json.Linq.JContainer.InsertItem(Int32 index, JToken item, Boolean skipParentCheck)
   at Newtonsoft.Json.Linq.JObject.InsertItem(Int32 index, JToken item, Boolean skipParentCheck)
   at Newtonsoft.Json.Linq.JToken.AddBeforeSelf(Object content)
   at System.Dynamic.UpdateDelegates.UpdateAndExecuteVoid2[T0,T1](CallSite site, T0 arg0, T1 arg1)
   at ExRules.Program.Main(String[] args) in /home/bat/Project/ExRules/Program.cs:line 117
2021-06-30 00:35:36.244 +07:00 [ERR] Исключение: Can not add property ИдентификаторДляФормул to Newtonsoft.Json.Linq.JObject. Property with the same name already exists on object.
2021-06-30 00:35:36.244 +07:00 [ERR] Метод: Void ValidateToken(Newtonsoft.Json.Linq.JToken, Newtonsoft.Json.Linq.JToken)
2021-06-30 00:35:36.245 +07:00 [ERR] Трассировка стека:    at Newtonsoft.Json.Linq.JObject.ValidateToken(JToken o, JToken existing)
   at Newtonsoft.Json.Linq.JContainer.InsertItem(Int32 index, JToken item, Boolean skipParentCheck)
   at Newtonsoft.Json.Linq.JObject.InsertItem(Int32 index, JToken item, Boolean skipParentCheck)
   at Newtonsoft.Json.Linq.JToken.AddBeforeSelf(Object content)
   at ExRules.Program.Main(String[] args) in /home/bat/Project/ExRules/Program.cs:line 117
2021-06-30 00:35:36.245 +07:00 [ERR] Исключение: Can not add property ИсправлятьУстаревшиеАдреса to Newtonsoft.Json.Linq.JObject. Property with the same name already exists on object.
2021-06-30 00:35:36.245 +07:00 [ERR] Метод: Void ValidateToken(Newtonsoft.Json.Linq.JToken, Newtonsoft.Json.Linq.JToken)
2021-06-30 00:35:36.245 +07:00 [ERR] Трассировка стека:    at Newtonsoft.Json.Linq.JObject.ValidateToken(JToken o, JToken existing)
   at Newtonsoft.Json.Linq.JContainer.InsertItem(Int32 index, JToken item, Boolean skipParentCheck)
   at Newtonsoft.Json.Linq.JObject.InsertItem(Int32 index, JToken item, Boolean skipParentCheck)
   at Newtonsoft.Json.Linq.JToken.AddBeforeSelf(Object content)
   at ExRules.Program.Main(String[] args) in /home/bat/Project/ExRules/Program.cs:line 117
2021-06-30 00:35:36.245 +07:00 [ERR] Исключение: Can not add property ВидРедактирования to Newtonsoft.Json.Linq.JObject. Property with the same name already exists on object.
2021-06-30 00:35:36.245 +07:00 [ERR] Метод: Void ValidateToken(Newtonsoft.Json.Linq.JToken, Newtonsoft.Json.Linq.JToken)
2021-06-30 00:35:36.246 +07:00 [ERR] Трассировка стека:    at Newtonsoft.Json.Linq.JObject.ValidateToken(JToken o, JToken existing)
   at Newtonsoft.Json.Linq.JContainer.InsertItem(Int32 index, JToken item, Boolean skipParentCheck)
   at Newtonsoft.Json.Linq.JObject.InsertItem(Int32 index, JToken item, Boolean skipParentCheck)
   at Newtonsoft.Json.Linq.JToken.AddBeforeSelf(Object content)
   at ExRules.Program.Main(String[] args) in /home/bat/Project/ExRules/Program.cs:line 117
2021-06-30 11:59:11.642 +07:00 [INF] Обработка файла - ВидыКонтактнойИнформации
2021-06-30 11:59:12.017 +07:00 [ERR] Исключение: Can not add property ВводитьНомерПоМаске to Newtonsoft.Json.Linq.JObject. Property with the same name already exists on object.
2021-06-30 11:59:12.019 +07:00 [ERR] Метод: Void ValidateToken(Newtonsoft.Json.Linq.JToken, Newtonsoft.Json.Linq.JToken)
2021-06-30 11:59:12.046 +07:00 [ERR] Трассировка стека:    at Newtonsoft.Json.Linq.JObject.ValidateToken(JToken o, JToken existing)
   at Newtonsoft.Json.Linq.JContainer.InsertItem(Int32 index, JToken item, Boolean skipParentCheck)
   at Newtonsoft.Json.Linq.JObject.InsertItem(Int32 index, JToken item, Boolean skipParentCheck)
   at Newtonsoft.Json.Linq.JContainer.Add(Object content)
   at System.Dynamic.UpdateDelegates.UpdateAndExecuteVoid2[T0,T1](CallSite site, T0 arg0, T1 arg1)
   at ExRules.Program.Main(String[] args) in /home/bat/Project/ExRules/Program.cs:line 117
2021-06-30 11:59:12.051 +07:00 [ERR] Исключение: Can not add property МаскаНомераТелефона to Newtonsoft.Json.Linq.JObject. Property with the same name already exists on object.
2021-06-30 11:59:12.051 +07:00 [ERR] Метод: Void ValidateToken(Newtonsoft.Json.Linq.JToken, Newtonsoft.Json.Linq.JToken)
2021-06-30 11:59:12.051 +07:00 [ERR] Трассировка стека:    at Newtonsoft.Json.Linq.JObject.ValidateToken(JToken o, JToken existing)
   at Newtonsoft.Json.Linq.JContainer.InsertItem(Int32 index, JToken item, Boolean skipParentCheck)
   at Newtonsoft.Json.Linq.JObject.InsertItem(Int32 index, JToken item, Boolean skipParentCheck)
   at Newtonsoft.Json.Linq.JToken.AddBeforeSelf(Object content)
   at System.Dynamic.UpdateDelegates.UpdateAndExecuteVoid2[T0,T1](CallSite site, T0 arg0, T1 arg1)
   at ExRules.Program.Main(String[] args) in /home/bat/Project/ExRules/Program.cs:line 130
2021-06-30 11:59:12.052 +07:00 [ERR] Исключение: Can not add property ИдентификаторДляФормул to Newtonsoft.Json.Linq.JObject. Property with the same name already exists on object.
2021-06-30 11:59:12.052 +07:00 [ERR] Метод: Void ValidateToken(Newtonsoft.Json.Linq.JToken, Newtonsoft.Json.Linq.JToken)
2021-06-30 11:59:12.052 +07:00 [ERR] Трассировка стека:    at Newtonsoft.Json.Linq.JObject.ValidateToken(JToken o, JToken existing)
   at Newtonsoft.Json.Linq.JContainer.InsertItem(Int32 index, JToken item, Boolean skipParentCheck)
   at Newtonsoft.Json.Linq.JObject.InsertItem(Int32 index, JToken item, Boolean skipParentCheck)
   at Newtonsoft.Json.Linq.JToken.AddBeforeSelf(Object content)
   at ExRules.Program.Main(String[] args) in /home/bat/Project/ExRules/Program.cs:line 130
2021-06-30 11:59:12.052 +07:00 [ERR] Исключение: Can not add property ИсправлятьУстаревшиеАдреса to Newtonsoft.Json.Linq.JObject. Property with the same name already exists on object.
2021-06-30 11:59:12.052 +07:00 [ERR] Метод: Void ValidateToken(Newtonsoft.Json.Linq.JToken, Newtonsoft.Json.Linq.JToken)
2021-06-30 11:59:12.052 +07:00 [ERR] Трассировка стека:    at Newtonsoft.Json.Linq.JObject.ValidateToken(JToken o, JToken existing)
   at Newtonsoft.Json.Linq.JContainer.InsertItem(Int32 index, JToken item, Boolean skipParentCheck)
   at Newtonsoft.Json.Linq.JObject.InsertItem(Int32 index, JToken item, Boolean skipParentCheck)
   at Newtonsoft.Json.Linq.JToken.AddBeforeSelf(Object content)
   at ExRules.Program.Main(String[] args) in /home/bat/Project/ExRules/Program.cs:line 130
2021-06-30 11:59:12.052 +07:00 [ERR] Исключение: Can not add property ВидРедактирования to Newtonsoft.Json.Linq.JObject. Property with the same name already exists on object.
2021-06-30 11:59:12.052 +07:00 [ERR] Метод: Void ValidateToken(Newtonsoft.Json.Linq.JToken, Newtonsoft.Json.Linq.JToken)
2021-06-30 11:59:12.053 +07:00 [ERR] Трассировка стека:    at Newtonsoft.Json.Linq.JObject.ValidateToken(JToken o, JToken existing)
   at Newtonsoft.Json.Linq.JContainer.InsertItem(Int32 index, JToken item, Boolean skipParentCheck)
   at Newtonsoft.Json.Linq.JObject.InsertItem(Int32 index, JToken item, Boolean skipParentCheck)
   at Newtonsoft.Json.Linq.JToken.AddBeforeSelf(Object content)
   at ExRules.Program.Main(String[] args) in /home/bat/Project/ExRules/Program.cs:line 130
2021-06-30 12:00:05.557 +07:00 [INF] Обработка файла - Пользователи
2021-06-30 12:00:05.797 +07:00 [ERR] Исключение: Cannot perform runtime binding on a null reference
2021-06-30 12:00:05.800 +07:00 [ERR] Метод: Void CallSite.Target(System.Runtime.CompilerServices.Closure, System.Runtime.CompilerServices.CallSite, System.Object, Newtonsoft.Json.Linq.JProperty)
2021-06-30 12:00:05.814 +07:00 [ERR] Трассировка стека:    at CallSite.Target(Closure , CallSite , Object , JProperty )
   at System.Dynamic.UpdateDelegates.UpdateAndExecuteVoid2[T0,T1](CallSite site, T0 arg0, T1 arg1)
   at ExRules.Program.Main(String[] args) in /home/bat/Project/ExRules/Program.cs:line 164
2021-06-30 12:00:05.819 +07:00 [ERR] Исключение: Cannot perform runtime binding on a null reference
2021-06-30 12:00:05.819 +07:00 [ERR] Метод: Void CallSite.Target(System.Runtime.CompilerServices.Closure, System.Runtime.CompilerServices.CallSite, System.Object, Newtonsoft.Json.Linq.JProperty)
2021-06-30 12:00:05.821 +07:00 [ERR] Трассировка стека:    at CallSite.Target(Closure , CallSite , Object , JProperty )
   at ExRules.Program.Main(String[] args) in /home/bat/Project/ExRules/Program.cs:line 164
2021-06-30 12:00:05.821 +07:00 [ERR] Исключение: Cannot perform runtime binding on a null reference
2021-06-30 12:00:05.821 +07:00 [ERR] Метод: Void CallSite.Target(System.Runtime.CompilerServices.Closure, System.Runtime.CompilerServices.CallSite, System.Object, Newtonsoft.Json.Linq.JProperty)
2021-06-30 12:00:05.822 +07:00 [ERR] Трассировка стека:    at CallSite.Target(Closure , CallSite , Object , JProperty )
   at System.Dynamic.UpdateDelegates.UpdateAndExecuteVoid2[T0,T1](CallSite site, T0 arg0, T1 arg1)
   at ExRules.Program.Main(String[] args) in /home/bat/Project/ExRules/Program.cs:line 130
2021-06-30 12:01:15.880 +07:00 [INF] Обработка файла - Пользователи
2021-06-30 12:01:16.041 +07:00 [ERR] Исключение: Cannot perform runtime binding on a null reference
2021-06-30 12:01:16.042 +07:00 [ERR] Метод: Void CallSite.Target(System.Runtime.CompilerServices.Closure, System.Runtime.CompilerServices.CallSite, System.Object)
2021-06-30 12:01:16.052 +07:00 [ERR] Трассировка стека:    at CallSite.Target(Closure , CallSite , Object )
   at System.Dynamic.UpdateDelegates.UpdateAndExecuteVoid1[T0](CallSite site, T0 arg0)
   at ExRules.Program.Main(String[] args) in /home/bat/Project/ExRules/Program.cs:line 163
2021-06-30 12:01:16.052 +07:00 [ERR] Исключение: Cannot perform runtime binding on a null reference
2021-06-30 12:01:16.052 +07:00 [ERR] Метод: Void CallSite.Target(System.Runtime.CompilerServices.Closure, System.Runtime.CompilerServices.CallSite, System.Object)
2021-06-30 12:01:16.052 +07:00 [ERR] Трассировка стека:    at CallSite.Target(Closure , CallSite , Object )
   at ExRules.Program.Main(String[] args) in /home/bat/Project/ExRules/Program.cs:line 163
2021-06-30 12:01:16.054 +07:00 [ERR] Исключение: Cannot perform runtime binding on a null reference
2021-06-30 12:01:16.054 +07:00 [ERR] Метод: Void CallSite.Target(System.Runtime.CompilerServices.Closure, System.Runtime.CompilerServices.CallSite, System.Object, Newtonsoft.Json.Linq.JProperty)
2021-06-30 12:01:16.054 +07:00 [ERR] Трассировка стека:    at CallSite.Target(Closure , CallSite , Object , JProperty )
   at System.Dynamic.UpdateDelegates.UpdateAndExecuteVoid2[T0,T1](CallSite site, T0 arg0, T1 arg1)
   at ExRules.Program.Main(String[] args) in /home/bat/Project/ExRules/Program.cs:line 130
2021-06-30 12:02:44.040 +07:00 [INF] Обработка файла - Пользователи
2021-06-30 12:02:49.077 +07:00 [ERR] Исключение: Cannot perform runtime binding on a null reference
2021-06-30 12:02:49.080 +07:00 [ERR] Метод: Void CallSite.Target(System.Runtime.CompilerServices.Closure, System.Runtime.CompilerServices.CallSite, System.Object)
2021-06-30 12:02:49.105 +07:00 [ERR] Трассировка стека:    at CallSite.Target(Closure , CallSite , Object )
   at System.Dynamic.UpdateDelegates.UpdateAndExecuteVoid1[T0](CallSite site, T0 arg0)
   at ExRules.Program.Main(String[] args) in /home/bat/Project/ExRules/Program.cs:line 163
2021-06-30 12:03:00.953 +07:00 [ERR] Исключение: Cannot perform runtime binding on a null reference
2021-06-30 12:03:00.953 +07:00 [ERR] Метод: Void CallSite.Target(System.Runtime.CompilerServices.Closure, System.Runtime.CompilerServices.CallSite, System.Object)
2021-06-30 12:03:00.954 +07:00 [ERR] Трассировка стека:    at CallSite.Target(Closure , CallSite , Object )
   at ExRules.Program.Main(String[] args) in /home/bat/Project/ExRules/Program.cs:line 163
2021-06-30 12:03:16.237 +07:00 [ERR] Исключение: Cannot perform runtime binding on a null reference
2021-06-30 12:03:16.240 +07:00 [ERR] Метод: Void CallSite.Target(System.Runtime.CompilerServices.Closure, System.Runtime.CompilerServices.CallSite, System.Object, Newtonsoft.Json.Linq.JProperty)
2021-06-30 12:03:16.241 +07:00 [ERR] Трассировка стека:    at CallSite.Target(Closure , CallSite , Object , JProperty )
   at System.Dynamic.UpdateDelegates.UpdateAndExecuteVoid2[T0,T1](CallSite site, T0 arg0, T1 arg1)
   at ExRules.Program.Main(String[] args) in /home/bat/Project/ExRules/Program.cs:line 130
2021-06-30 12:03:24.318 +07:00 [INF] Обработка файла - Пользователи
2021-06-30 12:03:30.856 +07:00 [ERR] Исключение: Cannot perform runtime binding on a null reference
2021-06-30 12:03:30.859 +07:00 [ERR] Метод: Void CallSite.Target(System.Runtime.CompilerServices.Closure, System.Runtime.CompilerServices.CallSite, System.Object)
2021-06-30 12:03:30.887 +07:00 [ERR] Трассировка стека:    at CallSite.Target(Closure , CallSite , Object )
   at System.Dynamic.UpdateDelegates.UpdateAndExecuteVoid1[T0](CallSite site, T0 arg0)
   at ExRules.Program.Main(String[] args) in /home/bat/Project/ExRules/Program.cs:line 163
2021-06-30 12:03:32.071 +07:00 [ERR] Исключение: Cannot perform runtime binding on a null reference
2021-06-30 12:03:32.071 +07:00 [ERR] Метод: Void CallSite.Target(System.Runtime.CompilerServices.Closure, System.Runtime.CompilerServices.CallSite, System.Object)
2021-06-30 12:03:32.071 +07:00 [ERR] Трассировка стека:    at CallSite.Target(Closure , CallSite , Object )
   at ExRules.Program.Main(String[] args) in /home/bat/Project/ExRules/Program.cs:line 163
2021-06-30 12:03:33.357 +07:00 [ERR] Исключение: Cannot perform runtime binding on a null reference
2021-06-30 12:03:33.357 +07:00 [ERR] Метод: Void CallSite.Target(System.Runtime.CompilerServices.Closure, System.Runtime.CompilerServices.CallSite, System.Object, Newtonsoft.Json.Linq.JProperty)
2021-06-30 12:03:33.357 +07:00 [ERR] Трассировка стека:    at CallSite.Target(Closure , CallSite , Object , JProperty )
   at System.Dynamic.UpdateDelegates.UpdateAndExecuteVoid2[T0,T1](CallSite site, T0 arg0, T1 arg1)
   at ExRules.Program.Main(String[] args) in /home/bat/Project/ExRules/Program.cs:line 130
2021-06-30 12:04:32.261 +07:00 [INF] Обработка файла - Пользователи
2021-06-30 12:04:37.399 +07:00 [ERR] Исключение: Cannot perform runtime binding on a null reference
2021-06-30 12:04:37.401 +07:00 [ERR] Метод: Void CallSite.Target(System.Runtime.CompilerServices.Closure, System.Runtime.CompilerServices.CallSite, System.Object)
2021-06-30 12:04:37.428 +07:00 [ERR] Трассировка стека:    at CallSite.Target(Closure , CallSite , Object )
   at System.Dynamic.UpdateDelegates.UpdateAndExecuteVoid1[T0](CallSite site, T0 arg0)
   at ExRules.Program.Main(String[] args) in /home/bat/Project/ExRules/Program.cs:line 163
2021-06-30 12:04:38.511 +07:00 [ERR] Исключение: Cannot perform runtime binding on a null reference
2021-06-30 12:04:38.511 +07:00 [ERR] Метод: Void CallSite.Target(System.Runtime.CompilerServices.Closure, System.Runtime.CompilerServices.CallSite, System.Object)
2021-06-30 12:04:38.511 +07:00 [ERR] Трассировка стека:    at CallSite.Target(Closure , CallSite , Object )
   at ExRules.Program.Main(String[] args) in /home/bat/Project/ExRules/Program.cs:line 163
2021-06-30 12:05:42.928 +07:00 [ERR] Исключение: Cannot perform runtime binding on a null reference
2021-06-30 12:05:42.928 +07:00 [ERR] Метод: Void CallSite.Target(System.Runtime.CompilerServices.Closure, System.Runtime.CompilerServices.CallSite, System.Object, Newtonsoft.Json.Linq.JProperty)
2021-06-30 12:05:42.929 +07:00 [ERR] Трассировка стека:    at CallSite.Target(Closure , CallSite , Object , JProperty )
   at System.Dynamic.UpdateDelegates.UpdateAndExecuteVoid2[T0,T1](CallSite site, T0 arg0, T1 arg1)
   at ExRules.Program.Main(String[] args) in /home/bat/Project/ExRules/Program.cs:line 130
2021-06-30 12:05:47.556 +07:00 [INF] Обработка файла - Пользователи
2021-06-30 12:06:56.781 +07:00 [ERR] Исключение: Cannot perform runtime binding on a null reference
2021-06-30 12:06:56.782 +07:00 [ERR] Метод: Void CallSite.Target(System.Runtime.CompilerServices.Closure, System.Runtime.CompilerServices.CallSite, System.Object)
2021-06-30 12:06:56.806 +07:00 [ERR] Трассировка стека:    at CallSite.Target(Closure , CallSite , Object )
   at System.Dynamic.UpdateDelegates.UpdateAndExecuteVoid1[T0](CallSite site, T0 arg0)
   at ExRules.Program.Main(String[] args) in /home/bat/Project/ExRules/Program.cs:line 163
2021-06-30 12:06:59.720 +07:00 [ERR] Исключение: Cannot perform runtime binding on a null reference
2021-06-30 12:06:59.721 +07:00 [ERR] Метод: Void CallSite.Target(System.Runtime.CompilerServices.Closure, System.Runtime.CompilerServices.CallSite, System.Object)
2021-06-30 12:06:59.721 +07:00 [ERR] Трассировка стека:    at CallSite.Target(Closure , CallSite , Object )
   at ExRules.Program.Main(String[] args) in /home/bat/Project/ExRules/Program.cs:line 163
2021-06-30 12:07:01.380 +07:00 [ERR] Исключение: Cannot perform runtime binding on a null reference
2021-06-30 12:07:01.381 +07:00 [ERR] Метод: Void CallSite.Target(System.Runtime.CompilerServices.Closure, System.Runtime.CompilerServices.CallSite, System.Object, Newtonsoft.Json.Linq.JProperty)
2021-06-30 12:07:01.381 +07:00 [ERR] Трассировка стека:    at CallSite.Target(Closure , CallSite , Object , JProperty )
   at System.Dynamic.UpdateDelegates.UpdateAndExecuteVoid2[T0,T1](CallSite site, T0 arg0, T1 arg1)
   at ExRules.Program.Main(String[] args) in /home/bat/Project/ExRules/Program.cs:line 130
2021-06-30 12:08:01.058 +07:00 [INF] Обработка файла - Пользователи
2021-06-30 12:08:11.210 +07:00 [ERR] Исключение: Cannot perform runtime binding on a null reference
2021-06-30 12:08:11.211 +07:00 [ERR] Метод: Void CallSite.Target(System.Runtime.CompilerServices.Closure, System.Runtime.CompilerServices.CallSite, System.Object, Newtonsoft.Json.Linq.JProperty)
2021-06-30 12:08:11.244 +07:00 [ERR] Трассировка стека:    at CallSite.Target(Closure , CallSite , Object , JProperty )
   at System.Dynamic.UpdateDelegates.UpdateAndExecuteVoid2[T0,T1](CallSite site, T0 arg0, T1 arg1)
   at ExRules.Program.Main(String[] args) in /home/bat/Project/ExRules/Program.cs:line 164
2021-06-30 12:08:16.368 +07:00 [ERR] Исключение: Cannot perform runtime binding on a null reference
2021-06-30 12:08:16.369 +07:00 [ERR] Метод: Void CallSite.Target(System.Runtime.CompilerServices.Closure, System.Runtime.CompilerServices.CallSite, System.Object, Newtonsoft.Json.Linq.JProperty)
2021-06-30 12:08:16.369 +07:00 [ERR] Трассировка стека:    at CallSite.Target(Closure , CallSite , Object , JProperty )
   at ExRules.Program.Main(String[] args) in /home/bat/Project/ExRules/Program.cs:line 164
2021-06-30 12:08:18.307 +07:00 [ERR] Исключение: Cannot perform runtime binding on a null reference
2021-06-30 12:08:18.326 +07:00 [ERR] Метод: Void CallSite.Target(System.Runtime.CompilerServices.Closure, System.Runtime.CompilerServices.CallSite, System.Object, Newtonsoft.Json.Linq.JProperty)
2021-06-30 12:08:18.326 +07:00 [ERR] Трассировка стека:    at CallSite.Target(Closure , CallSite , Object , JProperty )
   at System.Dynamic.UpdateDelegates.UpdateAndExecuteVoid2[T0,T1](CallSite site, T0 arg0, T1 arg1)
   at ExRules.Program.Main(String[] args) in /home/bat/Project/ExRules/Program.cs:line 130
2021-06-30 12:09:19.613 +07:00 [INF] Обработка файла - Пользователи
2021-06-30 12:17:06.091 +07:00 [ERR] Исключение: Cannot perform runtime binding on a null reference
2021-06-30 12:17:06.092 +07:00 [ERR] Метод: Void CallSite.Target(System.Runtime.CompilerServices.Closure, System.Runtime.CompilerServices.CallSite, System.Object, Newtonsoft.Json.Linq.JProperty)
2021-06-30 12:17:06.117 +07:00 [ERR] Трассировка стека:    at CallSite.Target(Closure , CallSite , Object , JProperty )
   at System.Dynamic.UpdateDelegates.UpdateAndExecuteVoid2[T0,T1](CallSite site, T0 arg0, T1 arg1)
   at ExRules.Program.Main(String[] args) in /home/bat/Project/ExRules/Program.cs:line 164
2021-06-30 12:17:56.316 +07:00 [ERR] Исключение: Cannot perform runtime binding on a null reference
2021-06-30 12:17:56.317 +07:00 [ERR] Метод: Void CallSite.Target(System.Runtime.CompilerServices.Closure, System.Runtime.CompilerServices.CallSite, System.Object, Newtonsoft.Json.Linq.JProperty)
2021-06-30 12:17:56.317 +07:00 [ERR] Трассировка стека:    at CallSite.Target(Closure , CallSite , Object , JProperty )
   at ExRules.Program.Main(String[] args) in /home/bat/Project/ExRules/Program.cs:line 164
2021-06-30 12:18:19.767 +07:00 [ERR] Исключение: Cannot perform runtime binding on a null reference
2021-06-30 12:18:19.767 +07:00 [ERR] Метод: Void CallSite.Target(System.Runtime.CompilerServices.Closure, System.Runtime.CompilerServices.CallSite, System.Object, Newtonsoft.Json.Linq.JProperty)
2021-06-30 12:18:19.768 +07:00 [ERR] Трассировка стека:    at CallSite.Target(Closure , CallSite , Object , JProperty )
   at System.Dynamic.UpdateDelegates.UpdateAndExecuteVoid2[T0,T1](CallSite site, T0 arg0, T1 arg1)
   at ExRules.Program.Main(String[] args) in /home/bat/Project/ExRules/Program.cs:line 130
2021-06-30 12:19:55.227 +07:00 [INF] Обработка файла - Пользователи
2021-06-30 12:19:55.405 +07:00 [ERR] Исключение: Cannot perform runtime binding on a null reference
2021-06-30 12:19:55.406 +07:00 [ERR] Метод: Void CallSite.Target(System.Runtime.CompilerServices.Closure, System.Runtime.CompilerServices.CallSite, System.Object, Newtonsoft.Json.Linq.JProperty)
2021-06-30 12:19:55.415 +07:00 [ERR] Трассировка стека:    at CallSite.Target(Closure , CallSite , Object , JProperty )
   at System.Dynamic.UpdateDelegates.UpdateAndExecuteVoid2[T0,T1](CallSite site, T0 arg0, T1 arg1)
   at ExRules.Program.Main(String[] args) in /home/bat/Project/ExRules/Program.cs:line 164
2021-06-30 12:21:39.358 +07:00 [INF] Обработка файла - Пользователи
2021-06-30 12:21:39.539 +07:00 [ERR] Исключение: Cannot perform runtime binding on a null reference
2021-06-30 12:21:39.539 +07:00 [ERR] Метод: Void CallSite.Target(System.Runtime.CompilerServices.Closure, System.Runtime.CompilerServices.CallSite, System.Object, Newtonsoft.Json.Linq.JProperty)
2021-06-30 12:21:39.549 +07:00 [ERR] Трассировка стека:    at CallSite.Target(Closure , CallSite , Object , JProperty )
   at System.Dynamic.UpdateDelegates.UpdateAndExecuteVoid2[T0,T1](CallSite site, T0 arg0, T1 arg1)
   at ExRules.Program.Main(String[] args) in /home/bat/Project/ExRules/Program.cs:line 164
2021-06-30 12:24:38.530 +07:00 [INF] Обработка файла - Пользователи
2021-06-30 12:26:26.262 +07:00 [ERR] Исключение: Cannot perform runtime binding on a null reference
2021-06-30 12:29:04.069 +07:00 [INF] Обработка файла - Пользователи
2021-06-30 12:30:08.501 +07:00 [INF] Обработка файла - Пользователи
2021-06-30 18:08:30.827 +07:00 [INF] Обработка файла - Пользователи
2021-06-30 18:08:31.148 +07:00 [ERR] Исключение: Can not add property Фотография to Newtonsoft.Json.Linq.JObject. Property with the same name already exists on object.
2021-06-30 18:08:31.159 +07:00 [ERR] Метод: Void ValidateToken(Newtonsoft.Json.Linq.JToken, Newtonsoft.Json.Linq.JToken)
2021-06-30 18:08:31.175 +07:00 [ERR] Трассировка стека:    at Newtonsoft.Json.Linq.JObject.ValidateToken(JToken o, JToken existing)
   at Newtonsoft.Json.Linq.JContainer.InsertItem(Int32 index, JToken item, Boolean skipParentCheck)
   at Newtonsoft.Json.Linq.JObject.InsertItem(Int32 index, JToken item, Boolean skipParentCheck)
   at Newtonsoft.Json.Linq.JToken.AddBeforeSelf(Object content)
   at System.Dynamic.UpdateDelegates.UpdateAndExecuteVoid2[T0,T1](CallSite site, T0 arg0, T1 arg1)
   at ExRules.Program.Main(String[] args) in /home/bat/Project/ExRules/Program.cs:line 130
2021-06-30 19:42:12.890 +07:00 [INF] Обработка файла - Пользователи
2021-06-30 19:42:13.469 +07:00 [ERR] Исключение: Cannot perform runtime binding on a null reference
2021-06-30 19:42:13.473 +07:00 [ERR] Метод: System.Object CallSite.Target(System.Runtime.CompilerServices.Closure, System.Runtime.CompilerServices.CallSite, System.Object, System.String)
2021-06-30 19:42:13.505 +07:00 [ERR] Трассировка стека:    at CallSite.Target(Closure , CallSite , Object , String )
   at System.Dynamic.UpdateDelegates.UpdateAndExecute2[T0,T1,TRet](CallSite site, T0 arg0, T1 arg1)
   at ExRules.mParser.ParseProperty() in /home/bat/Project/ExRules/mParser.cs:line 91
   at ExRules.mParser.StartParsing() in /home/bat/Project/ExRules/mParser.cs:line 53
2021-06-30 19:42:45.061 +07:00 [INF] Обработка файла - Пользователи
2021-06-30 19:42:45.212 +07:00 [ERR] Исключение: Cannot perform runtime binding on a null reference
2021-06-30 19:42:45.213 +07:00 [ERR] Метод: System.Object CallSite.Target(System.Runtime.CompilerServices.Closure, System.Runtime.CompilerServices.CallSite, System.Object, System.String)
2021-06-30 19:42:45.222 +07:00 [ERR] Трассировка стека:    at CallSite.Target(Closure , CallSite , Object , String )
   at System.Dynamic.UpdateDelegates.UpdateAndExecute2[T0,T1,TRet](CallSite site, T0 arg0, T1 arg1)
   at ExRules.mParser.ParseProperty() in /home/bat/Project/ExRules/mParser.cs:line 91
   at ExRules.mParser.StartParsing() in /home/bat/Project/ExRules/mParser.cs:line 53
2021-06-30 19:44:06.985 +07:00 [INF] Обработка файла - Пользователи
2021-06-30 19:44:07.084 +07:00 [ERR] Исключение: Error reading JObject from JsonReader. Current JsonReader item is not an object: Null. Path '', line 1, position 4.
2021-06-30 19:44:07.085 +07:00 [ERR] Метод: Newtonsoft.Json.Linq.JObject Load(Newtonsoft.Json.JsonReader, Newtonsoft.Json.Linq.JsonLoadSettings)
2021-06-30 19:44:07.099 +07:00 [ERR] Трассировка стека:    at Newtonsoft.Json.Linq.JObject.Load(JsonReader reader, JsonLoadSettings settings)
   at Newtonsoft.Json.Linq.JObject.Parse(String json, JsonLoadSettings settings)
   at Newtonsoft.Json.Linq.JObject.Parse(String json)
   at ExRules.mParser.StartParsing() in /home/bat/Project/ExRules/mParser.cs:line 51
2021-06-30 19:44:52.011 +07:00 [INF] Обработка файла - Пользователи
2021-06-30 19:45:32.196 +07:00 [ERR] Исключение: Error reading JObject from JsonReader. Current JsonReader item is not an object: Null. Path '', line 1, position 4.
2021-06-30 19:45:32.196 +07:00 [ERR] Метод: Newtonsoft.Json.Linq.JObject Load(Newtonsoft.Json.JsonReader, Newtonsoft.Json.Linq.JsonLoadSettings)
2021-06-30 19:45:32.243 +07:00 [ERR] Трассировка стека:    at Newtonsoft.Json.Linq.JObject.Load(JsonReader reader, JsonLoadSettings settings)
   at Newtonsoft.Json.Linq.JObject.Parse(String json, JsonLoadSettings settings)
   at Newtonsoft.Json.Linq.JObject.Parse(String json)
   at ExRules.mParser.StartParsing() in /home/bat/Project/ExRules/mParser.cs:line 51
2021-06-30 19:45:56.503 +07:00 [INF] Обработка файла - Пользователи
2021-06-30 19:47:30.762 +07:00 [INF] Обработка файла - Пользователи
2021-06-30 19:47:50.692 +07:00 [ERR] Исключение: Error reading JObject from JsonReader. Current JsonReader item is not an object: Null. Path '', line 1, position 4.
2021-06-30 19:47:50.693 +07:00 [ERR] Метод: Newtonsoft.Json.Linq.JObject Load(Newtonsoft.Json.JsonReader, Newtonsoft.Json.Linq.JsonLoadSettings)
2021-06-30 19:47:50.725 +07:00 [ERR] Трассировка стека:    at Newtonsoft.Json.Linq.JObject.Load(JsonReader reader, JsonLoadSettings settings)
   at Newtonsoft.Json.Linq.JObject.Parse(String json, JsonLoadSettings settings)
   at Newtonsoft.Json.Linq.JObject.Parse(String json)
   at ExRules.mParser.StartParsing() in /home/bat/Project/ExRules/mParser.cs:line 51
2021-06-30 19:48:17.722 +07:00 [INF] Обработка файла - Пользователи
2021-06-30 19:55:53.696 +07:00 [INF] Обработка файла - Пользователи
2021-06-30 19:55:53.776 +07:00 [ERR] Исключение: Error reading JObject from JsonReader. Current JsonReader item is not an object: Null. Path '', line 1, position 4.
2021-06-30 19:55:53.776 +07:00 [ERR] Метод: Newtonsoft.Json.Linq.JObject Load(Newtonsoft.Json.JsonReader, Newtonsoft.Json.Linq.JsonLoadSettings)
2021-06-30 19:55:53.788 +07:00 [ERR] Трассировка стека:    at Newtonsoft.Json.Linq.JObject.Load(JsonReader reader, JsonLoadSettings settings)
   at Newtonsoft.Json.Linq.JObject.Parse(String json, JsonLoadSettings settings)
   at Newtonsoft.Json.Linq.JObject.Parse(String json)
   at ExRules.mParser.StartParsing() in /home/bat/Project/ExRules/mParser.cs:line 52
2021-06-30 19:56:08.629 +07:00 [INF] Обработка файла - Пользователи
2021-06-30 19:56:49.820 +07:00 [ERR] Исключение: Error reading JObject from JsonReader. Current JsonReader item is not an object: Null. Path '', line 1, position 4.
2021-06-30 19:56:49.820 +07:00 [ERR] Метод: Newtonsoft.Json.Linq.JObject Load(Newtonsoft.Json.JsonReader, Newtonsoft.Json.Linq.JsonLoadSettings)
2021-06-30 19:56:49.872 +07:00 [ERR] Трассировка стека:    at Newtonsoft.Json.Linq.JObject.Load(JsonReader reader, JsonLoadSettings settings)
   at Newtonsoft.Json.Linq.JObject.Parse(String json, JsonLoadSettings settings)
   at Newtonsoft.Json.Linq.JObject.Parse(String json)
   at ExRules.mParser.StartParsing() in /home/bat/Project/ExRules/mParser.cs:line 52
